[dotenv] Set [36mTOKEN[0m, [36mREFRESH[0m, and [36mXAUTH[0m
[dotenv] Loaded [33m.env[0m
[dotenv] Loaded [33m.env[0m
[dotenv] Set [36mTOKEN[0m, [36mREFRESH[0m, and [36mXAUTH[0m
[dotenv] Loaded [33m.env[0m
[dotenv] Loaded [33m.env[0m
[dotenv] Set [36mTOKEN[0m, [36mREFRESH[0m, and [36mXAUTH[0m
[dotenv] Loaded [33m.env[0m
[dotenv] Loaded [33m.env[0m
[dotenv] Set [36mTOKEN[0m, [36mREFRESH[0m, and [36mXAUTH[0m
[dotenv] Loaded [33m.env[0m
[dotenv] Loaded [33m.env[0m
[dotenv] Set [36mTOKEN[0m, [36mREFRESH[0m, and [36mXAUTH[0m
[dotenv] Loaded [33m.env[0m
Started GET "/" for 127.0.0.1 at 2024-11-01 13:37:02 +0100
  [1m[35m (7.0ms)[0m  [1m[35mCREATE TABLE "schema_migrations" ("version" varchar NOT NULL PRIMARY KEY)[0m
  [1m[35m (0.6ms)[0m  [1m[35mCREATE TABLE "ar_internal_metadata" ("key" varchar NOT NULL PRIMARY KEY, "value" varchar, "created_at" datetime(6) NOT NULL, "updated_at" datetime(6) NOT NULL)[0m
  [1m[36mActiveRecord::SchemaMigration Load (0.4ms)[0m  [1m[34mSELECT "schema_migrations"."version" FROM "schema_migrations" ORDER BY "schema_migrations"."version" ASC[0m
  
Zeitwerk::NameError (expected file /home/mier/dev/fantasy/app/helpers/application_helper.rb to define constant ApplicationHelper, but didn't):
  
zeitwerk (2.7.1) lib/zeitwerk/loader/callbacks.rb:33:in `on_file_autoloaded'
zeitwerk (2.7.1) lib/zeitwerk/core_ext/kernel.rb:27:in `require'
activesupport (7.2.2) lib/active_support/inflector/methods.rb:290:in `const_get'
activesupport (7.2.2) lib/active_support/inflector/methods.rb:290:in `constantize'
activesupport (7.2.2) lib/active_support/core_ext/string/inflections.rb:74:in `constantize'
actionpack (7.2.2) lib/abstract_controller/helpers.rb:41:in `block in modules_for_helpers'
actionpack (7.2.2) lib/abstract_controller/helpers.rb:34:in `map!'
actionpack (7.2.2) lib/abstract_controller/helpers.rb:34:in `modules_for_helpers'
actionpack (7.2.2) lib/action_controller/metal/helpers.rb:114:in `modules_for_helpers'
actionpack (7.2.2) lib/abstract_controller/helpers.rb:199:in `helper'
actionpack (7.2.2) lib/action_controller/railties/helpers.rb:21:in `inherited'
railties (7.2.2) lib/rails/application_controller.rb:3:in `<main>'
/usr/share/ruby/bundled_gems.rb:75:in `require'
/usr/share/ruby/bundled_gems.rb:75:in `block (2 levels) in replace_require'
bootsnap (1.18.4) lib/bootsnap/load_path_cache/core_ext/kernel_require.rb:30:in `require'
zeitwerk (2.7.1) lib/zeitwerk/core_ext/kernel.rb:34:in `require'
railties (7.2.2) lib/rails/welcome_controller.rb:3:in `<main>'
/usr/share/ruby/bundled_gems.rb:75:in `require'
/usr/share/ruby/bundled_gems.rb:75:in `block (2 levels) in replace_require'
bootsnap (1.18.4) lib/bootsnap/load_path_cache/core_ext/kernel_require.rb:30:in `require'
zeitwerk (2.7.1) lib/zeitwerk/core_ext/kernel.rb:34:in `require'
activesupport (7.2.2) lib/active_support/inflector/methods.rb:290:in `const_get'
activesupport (7.2.2) lib/active_support/inflector/methods.rb:290:in `constantize'
activesupport (7.2.2) lib/active_support/core_ext/string/inflections.rb:74:in `constantize'
actionpack (7.2.2) lib/action_dispatch/http/request.rb:92:in `controller_class_for'
actionpack (7.2.2) lib/action_dispatch/request/utils.rb:102:in `action_encoding_template'
actionpack (7.2.2) lib/action_dispatch/request/utils.rb:87:in `encode'
actionpack (7.2.2) lib/action_dispatch/request/utils.rb:47:in `set_binary_encoding'
actionpack (7.2.2) lib/action_dispatch/http/parameters.rb:70:in `path_parameters='
actionpack (7.2.2) lib/action_dispatch/journey/router.rb:50:in `block in serve'
actionpack (7.2.2) lib/action_dispatch/journey/router.rb:133:in `block in find_routes'
actionpack (7.2.2) lib/action_dispatch/journey/router.rb:126:in `each'
actionpack (7.2.2) lib/action_dispatch/journey/router.rb:126:in `find_routes'
actionpack (7.2.2) lib/action_dispatch/journey/router.rb:34:in `serve'
actionpack (7.2.2) lib/action_dispatch/routing/route_set.rb:896:in `call'
rack (3.1.8) lib/rack/tempfile_reaper.rb:20:in `call'
rack (3.1.8) lib/rack/etag.rb:29:in `call'
rack (3.1.8) lib/rack/conditional_get.rb:31:in `call'
rack (3.1.8) lib/rack/head.rb:15:in `call'
actionpack (7.2.2) lib/action_dispatch/http/permissions_policy.rb:38:in `call'
actionpack (7.2.2) lib/action_dispatch/http/content_security_policy.rb:35:in `call'
rack-session (2.0.0) lib/rack/session/abstract/id.rb:272:in `context'
rack-session (2.0.0) lib/rack/session/abstract/id.rb:266:in `call'
actionpack (7.2.2) lib/action_dispatch/middleware/cookies.rb:704:in `call'
activerecord (7.2.2) lib/active_record/migration.rb:674:in `call'
actionpack (7.2.2) lib/action_dispatch/middleware/callbacks.rb:31:in `block in call'
activesupport (7.2.2) lib/active_support/callbacks.rb:101:in `run_callbacks'
actionpack (7.2.2) lib/action_dispatch/middleware/callbacks.rb:30:in `call'
actionpack (7.2.2) lib/action_dispatch/middleware/executor.rb:16:in `call'
actionpack (7.2.2) lib/action_dispatch/middleware/actionable_exceptions.rb:18:in `call'
actionpack (7.2.2) lib/action_dispatch/middleware/debug_exceptions.rb:31:in `call'
web-console (4.2.1) lib/web_console/middleware.rb:132:in `call_app'
web-console (4.2.1) lib/web_console/middleware.rb:28:in `block in call'
web-console (4.2.1) lib/web_console/middleware.rb:17:in `catch'
web-console (4.2.1) lib/web_console/middleware.rb:17:in `call'
actionpack (7.2.2) lib/action_dispatch/middleware/show_exceptions.rb:32:in `call'
railties (7.2.2) lib/rails/rack/logger.rb:41:in `call_app'
railties (7.2.2) lib/rails/rack/logger.rb:29:in `call'
sprockets-rails (3.5.2) lib/sprockets/rails/quiet_assets.rb:17:in `call'
actionpack (7.2.2) lib/action_dispatch/middleware/remote_ip.rb:96:in `call'
actionpack (7.2.2) lib/action_dispatch/middleware/request_id.rb:33:in `call'
rack (3.1.8) lib/rack/method_override.rb:28:in `call'
rack (3.1.8) lib/rack/runtime.rb:24:in `call'
activesupport (7.2.2) lib/active_support/cache/strategy/local_cache_middleware.rb:29:in `call'
actionpack (7.2.2) lib/action_dispatch/middleware/server_timing.rb:61:in `block in call'
actionpack (7.2.2) lib/action_dispatch/middleware/server_timing.rb:26:in `collect_events'
actionpack (7.2.2) lib/action_dispatch/middleware/server_timing.rb:60:in `call'
actionpack (7.2.2) lib/action_dispatch/middleware/executor.rb:16:in `call'
actionpack (7.2.2) lib/action_dispatch/middleware/static.rb:27:in `call'
rack (3.1.8) lib/rack/sendfile.rb:114:in `call'
actionpack (7.2.2) lib/action_dispatch/middleware/host_authorization.rb:143:in `call'
railties (7.2.2) lib/rails/engine.rb:535:in `call'
puma (6.4.3) lib/puma/configuration.rb:272:in `call'
puma (6.4.3) lib/puma/request.rb:100:in `block in handle_request'
puma (6.4.3) lib/puma/thread_pool.rb:378:in `with_force_shutdown'
puma (6.4.3) lib/puma/request.rb:99:in `handle_request'
puma (6.4.3) lib/puma/server.rb:464:in `process_client'
puma (6.4.3) lib/puma/server.rb:245:in `block in run'
puma (6.4.3) lib/puma/thread_pool.rb:155:in `block in spawn_thread'
Started GET "/favicon.ico" for 127.0.0.1 at 2024-11-01 13:37:04 +0100
  
ActionController::RoutingError (No route matches [GET] "/favicon.ico"):
  
[dotenv] Set [36mTOKEN[0m, [36mREFRESH[0m, and [36mXAUTH[0m
[dotenv] Loaded [33m.env[0m
Started GET "/" for 127.0.0.1 at 2024-11-01 13:38:20 +0100
  [1m[36mActiveRecord::SchemaMigration Load (1.6ms)[0m  [1m[34mSELECT "schema_migrations"."version" FROM "schema_migrations" ORDER BY "schema_migrations"."version" ASC[0m
Processing by Rails::WelcomeController#index as HTML
  Rendering /home/mier/.local/share/gem/ruby/gems/railties-7.2.2/lib/rails/templates/rails/welcome/index.html.erb
  Rendered /home/mier/.local/share/gem/ruby/gems/railties-7.2.2/lib/rails/templates/rails/welcome/index.html.erb (Duration: 2.5ms | GC: 0.0ms)
Completed 200 OK in 41ms (Views: 12.8ms | ActiveRecord: 0.0ms (0 queries, 0 cached) | GC: 0.0ms)


Started GET "/" for 127.0.0.1 at 2024-11-01 13:38:24 +0100
Processing by Rails::WelcomeController#index as HTML
  Rendering /home/mier/.local/share/gem/ruby/gems/railties-7.2.2/lib/rails/templates/rails/welcome/index.html.erb
  Rendered /home/mier/.local/share/gem/ruby/gems/railties-7.2.2/lib/rails/templates/rails/welcome/index.html.erb (Duration: 0.4ms | GC: 0.0ms)
Completed 200 OK in 2ms (Views: 1.2ms | ActiveRecord: 0.0ms (0 queries, 0 cached) | GC: 0.0ms)


Started GET "/" for 127.0.0.1 at 2024-11-01 13:38:24 +0100
Processing by Rails::WelcomeController#index as HTML
  Rendering /home/mier/.local/share/gem/ruby/gems/railties-7.2.2/lib/rails/templates/rails/welcome/index.html.erb
  Rendered /home/mier/.local/share/gem/ruby/gems/railties-7.2.2/lib/rails/templates/rails/welcome/index.html.erb (Duration: 0.4ms | GC: 0.0ms)
Completed 200 OK in 6ms (Views: 4.9ms | ActiveRecord: 0.0ms (0 queries, 0 cached) | GC: 0.0ms)


[dotenv] Set [36mTOKEN[0m, [36mREFRESH[0m, and [36mXAUTH[0m
[dotenv] Loaded [33m.env[0m
[dotenv] Loaded [33m.env[0m
[dotenv] Set [36mTOKEN[0m, [36mREFRESH[0m, and [36mXAUTH[0m
[dotenv] Loaded [33m.env[0m
[dotenv] Loaded [33m.env[0m
